<?xml version="1.0" encoding="UTF-8"?>
<!-- Generated by org.testng.reporters.JUnitReportReporter -->
<testsuite hostname="AH4000856LT" failures="0" tests="1" name="com.selenium.webobject.inclassroom.Code_For_Alert_2" time="9.458" errors="0" timestamp="2022-07-23T13:03:54 IST" skipped="0">
  <testcase classname="com.selenium.webobject.inclassroom.Code_For_Alert_2" name="Code_For_Alert_Test" time="9.458"/>
  <system-out/>
</testsuite> <!-- com.selenium.webobject.inclassroom.Code_For_Alert_2 -->
