<?xml version="1.0" encoding="UTF-8"?>
<!-- Generated by org.testng.reporters.JUnitReportReporter -->
<testsuite hostname="AH4000856LT" failures="0" tests="1" name="com.harish.testcases.Data_Driven_Assignment" time="19.997" errors="0" timestamp="2022-08-02T12:08:17 IST" skipped="0">
  <testcase classname="com.harish.testcases.Data_Driven_Assignment" name="verifyoutputvalue" time="19.997"/>
  <system-out/>
</testsuite> <!-- com.harish.testcases.Data_Driven_Assignment -->
