<?xml version="1.0" encoding="UTF-8"?>
<!-- Generated by org.testng.reporters.JUnitReportReporter -->
<testsuite hostname="AH4000856LT" failures="0" tests="3" name="com.harish.testng.LoginMutualFund" time="21.534" errors="0" timestamp="2022-07-16T12:25:59 IST" skipped="1">
  <testcase classname="com.harish.testng.LoginMutualFund" name="loginAdmin" time="11.152"/>
  <system-out/>
  <testcase classname="com.harish.testng.LoginMutualFund" name="loginTestUser" time="10.382"/>
  <system-out/>
  <testcase classname="com.harish.testng.LoginMutualFund" name="loginJsmith">
    <skipped/>
  </testcase> <!-- loginJsmith -->
  <system-out/>
</testsuite> <!-- com.harish.testng.LoginMutualFund -->
