<?xml version="1.0" encoding="UTF-8"?>
<!-- Generated by org.testng.reporters.JUnitReportReporter -->
<testsuite hostname="AH4000856LT" failures="0" tests="1" name="com.harish.testng.LoginOrangeHRM" time="22.660" errors="0" timestamp="2022-07-16T12:25:59 IST" skipped="0">
  <testcase classname="com.harish.testng.LoginOrangeHRM" name="loginOrangeHRM" time="22.660"/>
  <system-out/>
</testsuite> <!-- com.harish.testng.LoginOrangeHRM -->
