<?xml version="1.0" encoding="UTF-8"?>
<!-- Generated by org.testng.reporters.JUnitReportReporter -->
<testsuite hostname="AH4000856LT" failures="0" tests="1" name="com.harish.testcases.Data_Driven_FixedDeposit" time="21.641" errors="0" timestamp="2022-08-02T10:45:39 IST" skipped="0">
  <testcase classname="com.harish.testcases.Data_Driven_FixedDeposit" name="verifyFixedDeposit_SI" time="21.641"/>
  <system-out/>
</testsuite> <!-- com.harish.testcases.Data_Driven_FixedDeposit -->
