<?xml version="1.0" encoding="UTF-8"?>
<!-- Generated by org.testng.reporters.JUnitReportReporter -->
<testsuite hostname="AH4000856LT" failures="0" tests="1" name="assignment.Policyx" time="1.612" errors="0" timestamp="2022-07-22T19:02:25 IST" skipped="0">
  <testcase classname="assignment.Policyx" name="loginTest" time="1.612"/>
  <system-out/>
</testsuite> <!-- assignment.Policyx -->
