<?xml version="1.0" encoding="UTF-8"?>
<!-- Generated by org.testng.reporters.JUnitReportReporter -->
<testsuite hostname="AH4000856LT" failures="0" tests="4" name="com.harish.testng.All_Annotations" time="0.012" errors="0" timestamp="2022-07-30T10:21:17 IST" skipped="0">
  <testcase classname="com.harish.testng.All_Annotations" name="test1" time="0.007"/>
  <system-out/>
  <testcase classname="com.harish.testng.All_Annotations" name="test4" time="0.002"/>
  <system-out/>
  <testcase classname="com.harish.testng.All_Annotations" name="test2" time="0.002"/>
  <system-out/>
  <testcase classname="com.harish.testng.All_Annotations" name="test3" time="0.001"/>
  <system-out/>
</testsuite> <!-- com.harish.testng.All_Annotations -->
