<?xml version="1.0" encoding="UTF-8"?>
<!-- Generated by org.testng.reporters.JUnitReportReporter -->
<testsuite hostname="AH4000856LT" failures="0" tests="2" name="com.harish.testng.SoftAssertTest" time="6.538" errors="0" timestamp="2022-08-01T12:22:04 IST" skipped="0">
  <testcase classname="com.harish.testng.SoftAssertTest" name="loginTest" time="2.731"/>
  <system-out/>
  <testcase classname="com.harish.testng.SoftAssertTest" name="logoutTest" time="3.807"/>
  <system-out/>
</testsuite> <!-- com.harish.testng.SoftAssertTest -->
