<?xml version="1.0" encoding="UTF-8"?>
<!-- Generated by org.testng.reporters.JUnitReportReporter -->
<testsuite hostname="AH4000856LT" failures="0" tests="2" name="com.harish.testcases.CreditCard_Test" time="7.095" errors="0" timestamp="2022-08-07T10:22:39 IST" skipped="0">
  <testcase classname="com.harish.testcases.CreditCard_Test" name="outStandingAmount_10000" time="3.692"/>
  <system-out/>
  <testcase classname="com.harish.testcases.CreditCard_Test" name="outStandingAmount_20000" time="3.403"/>
  <system-out/>
</testsuite> <!-- com.harish.testcases.CreditCard_Test -->
