<?xml version="1.0" encoding="UTF-8"?>
<!-- Generated by org.testng.reporters.JUnitReportReporter -->
<testsuite hostname="AH4000856LT" failures="0" tests="1" name="com.selenium.webobject.inclassroom.Code_For_WindowTab_8" time="15.370" errors="0" timestamp="2022-07-24T12:48:28 IST" skipped="0">
  <testcase classname="com.selenium.webobject.inclassroom.Code_For_WindowTab_8" name="tabFlipkart" time="15.370"/>
  <system-out/>
</testsuite> <!-- com.selenium.webobject.inclassroom.Code_For_WindowTab_8 -->
