<?xml version="1.0" encoding="UTF-8"?>
<!-- Generated by org.testng.reporters.JUnitReportReporter -->
<testsuite hostname="AH4000856LT" failures="0" tests="3" name="com.harish.testcases.DataDriven_DataProvider" time="16.300" errors="0" timestamp="2022-08-02T09:46:55 IST" skipped="0">
  <testcase classname="com.harish.testcases.DataDriven_DataProvider" name="fixedDeposit_Test" time="3.733"/>
  <system-out/>
  <testcase classname="com.harish.testcases.DataDriven_DataProvider" name="fixedDeposit_Test" time="9.225"/>
  <system-out/>
  <testcase classname="com.harish.testcases.DataDriven_DataProvider" name="fixedDeposit_Test" time="3.342"/>
  <system-out/>
</testsuite> <!-- com.harish.testcases.DataDriven_DataProvider -->
