<?xml version="1.0" encoding="UTF-8"?>
<!-- Generated by org.testng.reporters.JUnitReportReporter -->
<testsuite hostname="AH4000856LT" failures="0" tests="1" name="com.harish.testcases.EducationEMI_Test" time="3.531" errors="0" timestamp="2022-08-07T10:23:07 IST" skipped="0">
  <testcase classname="com.harish.testcases.EducationEMI_Test" name="educationLoan_4lakh" time="3.531"/>
  <system-out/>
</testsuite> <!-- com.harish.testcases.EducationEMI_Test -->
