<?xml version="1.0" encoding="UTF-8"?>
<!-- Generated by org.testng.reporters.JUnitReportReporter -->
<testsuite hostname="AH4000856LT" failures="0" tests="1" name="com.selenium.webobject.inclassroom.Code_For_KeyboardHandle_6" time="14.110" errors="0" timestamp="2022-07-24T12:50:31 IST" skipped="0">
  <testcase classname="com.selenium.webobject.inclassroom.Code_For_KeyboardHandle_6" name="Code_For_KeyboardHandle_Test" time="14.110"/>
  <system-out/>
</testsuite> <!-- com.selenium.webobject.inclassroom.Code_For_KeyboardHandle_6 -->
