<?xml version="1.0" encoding="UTF-8"?>
<!-- Generated by org.testng.reporters.JUnitReportReporter -->
<testsuite hostname="AH4000856LT" failures="0" tests="3" name="com.harish.testng.BrowserCode" time="28.944" errors="0" timestamp="2022-07-20T17:40:38 IST" skipped="0">
  <testcase classname="com.harish.testng.BrowserCode" name="chromeBrowser" time="6.524"/>
  <system-out/>
  <testcase classname="com.harish.testng.BrowserCode" name="firefoxBrowser" time="13.826"/>
  <system-out/>
  <testcase classname="com.harish.testng.BrowserCode" name="edgeBrowser" time="8.594"/>
  <system-out/>
</testsuite> <!-- com.harish.testng.BrowserCode -->
