<?xml version="1.0" encoding="UTF-8"?>
<!-- Generated by org.testng.reporters.JUnitReportReporter -->
<testsuite hostname="AH4000856LT" failures="0" tests="2" name="com.harish.testng.HardAssertTest" time="6.815" errors="0" timestamp="2022-07-22T19:05:48 IST" skipped="0">
  <testcase classname="com.harish.testng.HardAssertTest" name="loginTest" time="2.411"/>
  <system-out/>
  <testcase classname="com.harish.testng.HardAssertTest" name="logoutTest" time="4.404"/>
  <system-out/>
</testsuite> <!-- com.harish.testng.HardAssertTest -->
