<?xml version="1.0" encoding="UTF-8"?>
<!-- Generated by org.testng.reporters.JUnitReportReporter -->
<testsuite hostname="AH4000856LT" failures="0" tests="3" name="com.harish.testcases.Blazedemo_Test" time="12.217" errors="0" timestamp="2022-08-01T18:32:48 IST" skipped="0">
  <testcase classname="com.harish.testcases.Blazedemo_Test" name="chooseflight" time="3.803"/>
  <system-out/>
  <testcase classname="com.harish.testcases.Blazedemo_Test" name="confirmflightbuy" time="5.391"/>
  <system-out/>
  <testcase classname="com.harish.testcases.Blazedemo_Test" name="confirmbuyflight" time="3.023"/>
  <system-out/>
</testsuite> <!-- com.harish.testcases.Blazedemo_Test -->
