<?xml version="1.0" encoding="UTF-8"?>
<!-- Generated by org.testng.reporters.JUnitReportReporter -->
<testsuite hostname="AH4000856LT" failures="0" tests="1" name="com.selenium.webobject.inclassroom.Code_For_navigate_4" time="22.165" errors="0" timestamp="2022-07-23T13:05:15 IST" skipped="0">
  <testcase classname="com.selenium.webobject.inclassroom.Code_For_navigate_4" name="Code_For_navigate" time="22.165"/>
  <system-out/>
</testsuite> <!-- com.selenium.webobject.inclassroom.Code_For_navigate_4 -->
