<?xml version="1.0" encoding="UTF-8"?>
<!-- Generated by org.testng.reporters.JUnitReportReporter -->
<testsuite hostname="AH4000856LT" failures="0" tests="4" name="com.harish.testcases.DataDriven_DataProvider_Assignment" time="10.162" errors="0" timestamp="2022-08-02T12:31:12 IST" skipped="0">
  <testcase classname="com.harish.testcases.DataDriven_DataProvider_Assignment" name="arithmeticoperation_Test" time="2.504"/>
  <system-out/>
  <testcase classname="com.harish.testcases.DataDriven_DataProvider_Assignment" name="arithmeticoperation_Test" time="2.685"/>
  <system-out/>
  <testcase classname="com.harish.testcases.DataDriven_DataProvider_Assignment" name="arithmeticoperation_Test" time="2.493"/>
  <system-out/>
  <testcase classname="com.harish.testcases.DataDriven_DataProvider_Assignment" name="arithmeticoperation_Test" time="2.480"/>
  <system-out/>
</testsuite> <!-- com.harish.testcases.DataDriven_DataProvider_Assignment -->
