<?xml version="1.0" encoding="UTF-8"?>
<!-- Generated by org.testng.reporters.JUnitReportReporter -->
<testsuite hostname="AH4000856LT" failures="0" tests="4" name="com.harish.testng.BasicWebObject" time="4.749" errors="0" timestamp="2022-07-23T11:45:43 IST" skipped="0">
  <testcase classname="com.harish.testng.BasicWebObject" name="handleTextBox" time="4.035"/>
  <system-out/>
  <testcase classname="com.harish.testng.BasicWebObject" name="handleRadioCheckbox" time="0.268"/>
  <system-out/>
  <testcase classname="com.harish.testng.BasicWebObject" name="handleDropDownList" time="0.141"/>
  <system-out/>
  <testcase classname="com.harish.testng.BasicWebObject" name="printValueFromDropDown" time="0.305"/>
  <system-out/>
</testsuite> <!-- com.harish.testng.BasicWebObject -->
