<?xml version="1.0" encoding="UTF-8"?>
<!-- Generated by org.testng.reporters.JUnitReportReporter -->
<testsuite hostname="AH4000856LT" failures="0" tests="1" name="com.harish.testcases.CarHomeEMI_Test" time="3.571" errors="0" timestamp="2022-08-07T10:22:06 IST" skipped="0">
  <testcase classname="com.harish.testcases.CarHomeEMI_Test" name="carLoan_10lakh" time="3.571"/>
  <system-out/>
</testsuite> <!-- com.harish.testcases.CarHomeEMI_Test -->
